<?xml version="1.0" encoding="UTF-8" standalone="no"?>
<testsuite errors="0" failures="0" name="io.cucumber.core.plugin.JUnitFormatter" skipped="0" tests="14" time="4.616">
    <testcase classname="Portal login" name="Home page default login" time="0.424">
        <system-out><![CDATA[Given validate the browser..................................................passed
When Browser is trigered....................................................passed
Then check if browser is started............................................passed
Given User is on NetBanking landing page....................................passed
When User login into application with "jin" and password "1234".............passed
Then Home page is populated.................................................passed
And Cards displayed are "true"..............................................passed
]]></system-out>
    </testcase>
    <testcase classname="Portal login" name="Home page default login 2" time="0.083">
        <system-out><![CDATA[Given validate the browser..................................................passed
When Browser is trigered....................................................passed
Then check if browser is started............................................passed
Given User is on NetBanking landing page....................................passed
When User login into application with "john" and password "4321"............passed
Then Home page is populated.................................................passed
And Cards displayed are "false".............................................passed
]]></system-out>
    </testcase>
    <testcase classname="Portal login" name="Home page default login 3" time="0.211">
        <system-out><![CDATA[Given validate the browser..................................................passed
When Browser is trigered....................................................passed
Then check if browser is started............................................passed
Given User is on NetBanking landing page....................................passed
When User sign up with following details....................................passed
Then Home page is populated.................................................passed
And Cards displayed are "false".............................................passed
]]></system-out>
    </testcase>
    <testcase classname="Portal login" name="Parametarization" time="0.112">
        <system-out><![CDATA[Given validate the browser..................................................passed
When Browser is trigered....................................................passed
Then check if browser is started............................................passed
Given User is on NetBanking landing page....................................passed
When User login in to application with user1 and password pass1.............passed
Then Home page is populated.................................................passed
And Cards displayed are "true"..............................................passed
]]></system-out>
    </testcase>
    <testcase classname="Portal login" name="Parametarization_2" time="0.075">
        <system-out><![CDATA[Given validate the browser..................................................passed
When Browser is trigered....................................................passed
Then check if browser is started............................................passed
Given User is on NetBanking landing page....................................passed
When User login in to application with user2 and password pass2.............passed
Then Home page is populated.................................................passed
And Cards displayed are "true"..............................................passed
]]></system-out>
    </testcase>
    <testcase classname="Portal login" name="Parametarization_3" time="0.044">
        <system-out><![CDATA[Given validate the browser..................................................passed
When Browser is trigered....................................................passed
Then check if browser is started............................................passed
Given User is on NetBanking landing page....................................passed
When User login in to application with user3 and password pass3.............passed
Then Home page is populated.................................................passed
And Cards displayed are "true"..............................................passed
]]></system-out>
    </testcase>
    <testcase classname="Portal login" name="Parametarization_4" time="0.045">
        <system-out><![CDATA[Given validate the browser..................................................passed
When Browser is trigered....................................................passed
Then check if browser is started............................................passed
Given User is on NetBanking landing page....................................passed
When User login in to application with user4 and password pass4.............passed
Then Home page is populated.................................................passed
And Cards displayed are "true"..............................................passed
]]></system-out>
    </testcase>
    <testcase classname="Application login" name="Home page default login" time="0.103">
        <system-out><![CDATA[Given User is on NetBanking landing page....................................passed
When User login into application with "jin" and password "1234".............passed
Then Home page is populated.................................................passed
And Cards displayed are "true"..............................................passed
]]></system-out>
    </testcase>
    <testcase classname="Application login" name="Home page default login 2" time="0.03">
        <system-out><![CDATA[Given User is on NetBanking landing page....................................passed
When User login into application with "john" and password "4321"............passed
Then Home page is populated.................................................passed
And Cards displayed are "false".............................................passed
]]></system-out>
    </testcase>
    <testcase classname="Application login" name="Home page default login 3" time="0.045">
        <system-out><![CDATA[Given User is on NetBanking landing page....................................passed
When User sign up with following details....................................passed
Then Home page is populated.................................................passed
And Cards displayed are "false".............................................passed
]]></system-out>
    </testcase>
    <testcase classname="Application login" name="Parametarization" time="0.039">
        <system-out><![CDATA[Given User is on NetBanking landing page....................................passed
When User login in to application with user1 and password pass1.............passed
Then Home page is populated.................................................passed
And Cards displayed are "true"..............................................passed
]]></system-out>
    </testcase>
    <testcase classname="Application login" name="Parametarization_2" time="0.033">
        <system-out><![CDATA[Given User is on NetBanking landing page....................................passed
When User login in to application with user2 and password pass2.............passed
Then Home page is populated.................................................passed
And Cards displayed are "true"..............................................passed
]]></system-out>
    </testcase>
    <testcase classname="Application login" name="Parametarization_3" time="0.048">
        <system-out><![CDATA[Given User is on NetBanking landing page....................................passed
When User login in to application with user3 and password pass3.............passed
Then Home page is populated.................................................passed
And Cards displayed are "true"..............................................passed
]]></system-out>
    </testcase>
    <testcase classname="Application login" name="Parametarization_4" time="0.064">
        <system-out><![CDATA[Given User is on NetBanking landing page....................................passed
When User login in to application with user4 and password pass4.............passed
Then Home page is populated.................................................passed
And Cards displayed are "true"..............................................passed
]]></system-out>
    </testcase>
</testsuite>
